[2025-10-01 00:21:41] [toggle-launcher.sh] --- Script Start ---
[2025-10-01 00:21:41] [toggle-launcher.sh] Generating app list...
[2025-10-01 00:21:41] [toggle-launcher.sh] --- Script Start ---
[2025-10-01 00:21:41] [toggle-launcher.sh] Generating app list...
[2025-10-01 00:21:41] [toggle-launcher.sh] --- Script Start ---
[2025-10-01 00:21:41] [toggle-launcher.sh] Generating app list...
[2025-10-01 00:21:41] [toggle-launcher.sh] --- Script Start ---
[2025-10-01 00:21:41] [toggle-launcher.sh] Generating app list...
[2025-10-01 00:21:41] [toggle-launcher.sh] --- Script Start ---
[2025-10-01 00:21:41] [toggle-launcher.sh] Generating app list...
[2025-10-01 00:21:41] [toggle-launcher.sh] App list generated at /home/alibek/.cache/quickshell_apps.json
[2025-10-01 00:21:41] [toggle-launcher.sh] QML File: /home/alibek/.config/quickshell/launcher/Launcher.qml
[2025-10-01 00:21:41] [toggle-launcher.sh] Process Pattern: quickshell.*launcher/Launcher.qml
[2025-10-01 00:21:41] [toggle-launcher.sh] DEBUG: QML_IMPORT_PATH = /home/alibek/.config/quickshell
[2025-10-01 00:21:41] [toggle-launcher.sh] Process not found. Starting launcher...
[2025-10-01 00:21:41] [toggle-launcher.sh] Captured command: '[32m  INFO[0m: Launching config: "/home/alibek/archlinux-dotfiles/modules/quickshell/launcher/Launcher.qml"
[32m  INFO[0m: Shell ID: "57e9c530bf2ebf6437648615885f6495" Path ID "57e9c530bf2ebf6437648615885f6495"
[32m  INFO[0m: Saving logs to "/run/user/1000/quickshell/by-id/8kh5s1f3t/log.qslog"
[33m  WARN[97m quickshell.qmlscanner[0m: Ignoring unresolvable import "/home/alibek/archlinux-dotfiles/modules/quickshell/launcher/lib/fuzzysort.js" from "/home/alibek/archlinux-dotfiles/modules/quickshell/launcher/Launcher.qml"
[31m ERROR[0m: Failed to load configuration
[31m ERROR[0m:   caused by @Launcher.qml[5:1]: Script qs:@/qs/lib/fuzzysort.js unavailable
[31m ERROR[0m:   caused by @lib/fuzzysort.js[-1:-1]: File not found'
[2025-10-01 00:21:41] [toggle-launcher.sh] Executing command with hyprctl...
ok
[2025-10-01 00:21:41] [toggle-launcher.sh] hyprctl command finished.
[2025-10-01 00:21:41] [toggle-launcher.sh] --- Script End ---
[2025-10-01 00:21:41] [toggle-launcher.sh] App list generated at /home/alibek/.cache/quickshell_apps.json
[2025-10-01 00:21:41] [toggle-launcher.sh] QML File: /home/alibek/.config/quickshell/launcher/Launcher.qml
[2025-10-01 00:21:41] [toggle-launcher.sh] Process Pattern: quickshell.*launcher/Launcher.qml
[2025-10-01 00:21:41] [toggle-launcher.sh] DEBUG: QML_IMPORT_PATH = /home/alibek/.config/quickshell
[2025-10-01 00:21:41] [toggle-launcher.sh] Process not found. Starting launcher...
[2025-10-01 00:21:41] [toggle-launcher.sh] Captured command: '[32m  INFO[0m: Launching config: "/home/alibek/archlinux-dotfiles/modules/quickshell/launcher/Launcher.qml"
[32m  INFO[0m: Shell ID: "57e9c530bf2ebf6437648615885f6495" Path ID "57e9c530bf2ebf6437648615885f6495"
[32m  INFO[0m: Saving logs to "/run/user/1000/quickshell/by-id/brh5s1f3t/log.qslog"
[33m  WARN[97m quickshell.qmlscanner[0m: Ignoring unresolvable import "/home/alibek/archlinux-dotfiles/modules/quickshell/launcher/lib/fuzzysort.js" from "/home/alibek/archlinux-dotfiles/modules/quickshell/launcher/Launcher.qml"
[31m ERROR[0m: Failed to load configuration
[31m ERROR[0m:   caused by @Launcher.qml[5:1]: Script qs:@/qs/lib/fuzzysort.js unavailable
[31m ERROR[0m:   caused by @lib/fuzzysort.js[-1:-1]: File not found'
[2025-10-01 00:21:41] [toggle-launcher.sh] Executing command with hyprctl...
ok
[2025-10-01 00:21:41] [toggle-launcher.sh] hyprctl command finished.
[2025-10-01 00:21:41] [toggle-launcher.sh] --- Script End ---
[2025-10-01 00:21:41] [toggle-launcher.sh] --- Script Start ---
[2025-10-01 00:21:41] [toggle-launcher.sh] Generating app list...
[2025-10-01 00:21:41] [toggle-launcher.sh] App list generated at /home/alibek/.cache/quickshell_apps.json
[2025-10-01 00:21:41] [toggle-launcher.sh] QML File: /home/alibek/.config/quickshell/launcher/Launcher.qml
[2025-10-01 00:21:41] [toggle-launcher.sh] Process Pattern: quickshell.*launcher/Launcher.qml
[2025-10-01 00:21:41] [toggle-launcher.sh] DEBUG: QML_IMPORT_PATH = /home/alibek/.config/quickshell
[2025-10-01 00:21:41] [toggle-launcher.sh] Process not found. Starting launcher...
[2025-10-01 00:21:42] [toggle-launcher.sh] Captured command: '[32m  INFO[0m: Launching config: "/home/alibek/archlinux-dotfiles/modules/quickshell/launcher/Launcher.qml"
[32m  INFO[0m: Shell ID: "57e9c530bf2ebf6437648615885f6495" Path ID "57e9c530bf2ebf6437648615885f6495"
[32m  INFO[0m: Saving logs to "/run/user/1000/quickshell/by-id/h8i5s1f3t/log.qslog"
[33m  WARN[97m quickshell.qmlscanner[0m: Ignoring unresolvable import "/home/alibek/archlinux-dotfiles/modules/quickshell/launcher/lib/fuzzysort.js" from "/home/alibek/archlinux-dotfiles/modules/quickshell/launcher/Launcher.qml"
[31m ERROR[0m: Failed to load configuration
[31m ERROR[0m:   caused by @Launcher.qml[5:1]: Script qs:@/qs/lib/fuzzysort.js unavailable
[31m ERROR[0m:   caused by @lib/fuzzysort.js[-1:-1]: File not found'
[2025-10-01 00:21:42] [toggle-launcher.sh] Executing command with hyprctl...
[2025-10-01 00:21:42] [toggle-launcher.sh] --- Script Start ---
ok
[2025-10-01 00:21:42] [toggle-launcher.sh] Generating app list...
[2025-10-01 00:21:42] [toggle-launcher.sh] hyprctl command finished.
[2025-10-01 00:21:42] [toggle-launcher.sh] --- Script End ---
[2025-10-01 00:21:42] [toggle-launcher.sh] App list generated at /home/alibek/.cache/quickshell_apps.json
[2025-10-01 00:21:42] [toggle-launcher.sh] QML File: /home/alibek/.config/quickshell/launcher/Launcher.qml
[2025-10-01 00:21:42] [toggle-launcher.sh] Process Pattern: quickshell.*launcher/Launcher.qml
[2025-10-01 00:21:42] [toggle-launcher.sh] DEBUG: QML_IMPORT_PATH = /home/alibek/.config/quickshell
[2025-10-01 00:21:42] [toggle-launcher.sh] Process not found. Starting launcher...
[2025-10-01 00:21:42] [toggle-launcher.sh] Captured command: '[32m  INFO[0m: Launching config: "/home/alibek/archlinux-dotfiles/modules/quickshell/launcher/Launcher.qml"
[32m  INFO[0m: Shell ID: "57e9c530bf2ebf6437648615885f6495" Path ID "57e9c530bf2ebf6437648615885f6495"
[32m  INFO[0m: Saving logs to "/run/user/1000/quickshell/by-id/ngi6s1f3t/log.qslog"
[33m  WARN[97m quickshell.qmlscanner[0m: Ignoring unresolvable import "/home/alibek/archlinux-dotfiles/modules/quickshell/launcher/lib/fuzzysort.js" from "/home/alibek/archlinux-dotfiles/modules/quickshell/launcher/Launcher.qml"
[31m ERROR[0m: Failed to load configuration
[31m ERROR[0m:   caused by @Launcher.qml[5:1]: Script qs:@/qs/lib/fuzzysort.js unavailable
[31m ERROR[0m:   caused by @lib/fuzzysort.js[-1:-1]: File not found'
[2025-10-01 00:21:42] [toggle-launcher.sh] Executing command with hyprctl...
ok
[2025-10-01 00:21:42] [toggle-launcher.sh] hyprctl command finished.
[2025-10-01 00:21:42] [toggle-launcher.sh] --- Script End ---
[2025-10-01 00:21:42] [toggle-launcher.sh] App list generated at /home/alibek/.cache/quickshell_apps.json
[2025-10-01 00:21:42] [toggle-launcher.sh] QML File: /home/alibek/.config/quickshell/launcher/Launcher.qml
[2025-10-01 00:21:42] [toggle-launcher.sh] Process Pattern: quickshell.*launcher/Launcher.qml
[2025-10-01 00:21:42] [toggle-launcher.sh] DEBUG: QML_IMPORT_PATH = /home/alibek/.config/quickshell
[2025-10-01 00:21:42] [toggle-launcher.sh] Process not found. Starting launcher...
[2025-10-01 00:21:42] [toggle-launcher.sh] Captured command: '[32m  INFO[0m: Launching config: "/home/alibek/archlinux-dotfiles/modules/quickshell/launcher/Launcher.qml"
[32m  INFO[0m: Shell ID: "57e9c530bf2ebf6437648615885f6495" Path ID "57e9c530bf2ebf6437648615885f6495"
[32m  INFO[0m: Saving logs to "/run/user/1000/quickshell/by-id/1ni6s1f3t/log.qslog"
[33m  WARN[97m quickshell.qmlscanner[0m: Ignoring unresolvable import "/home/alibek/archlinux-dotfiles/modules/quickshell/launcher/lib/fuzzysort.js" from "/home/alibek/archlinux-dotfiles/modules/quickshell/launcher/Launcher.qml"
[31m ERROR[0m: Failed to load configuration
[31m ERROR[0m:   caused by @Launcher.qml[5:1]: Script qs:@/qs/lib/fuzzysort.js unavailable
[31m ERROR[0m:   caused by @lib/fuzzysort.js[-1:-1]: File not found'
[2025-10-01 00:21:42] [toggle-launcher.sh] Executing command with hyprctl...
ok
[2025-10-01 00:21:42] [toggle-launcher.sh] hyprctl command finished.
[2025-10-01 00:21:42] [toggle-launcher.sh] --- Script End ---
[2025-10-01 00:21:42] [toggle-launcher.sh] App list generated at /home/alibek/.cache/quickshell_apps.json
[2025-10-01 00:21:42] [toggle-launcher.sh] QML File: /home/alibek/.config/quickshell/launcher/Launcher.qml
[2025-10-01 00:21:42] [toggle-launcher.sh] Process Pattern: quickshell.*launcher/Launcher.qml
[2025-10-01 00:21:42] [toggle-launcher.sh] DEBUG: QML_IMPORT_PATH = /home/alibek/.config/quickshell
[2025-10-01 00:21:42] [toggle-launcher.sh] Process not found. Starting launcher...
[2025-10-01 00:21:42] [toggle-launcher.sh] Captured command: '[32m  INFO[0m: Launching config: "/home/alibek/archlinux-dotfiles/modules/quickshell/launcher/Launcher.qml"
[32m  INFO[0m: Shell ID: "57e9c530bf2ebf6437648615885f6495" Path ID "57e9c530bf2ebf6437648615885f6495"
[32m  INFO[0m: Saving logs to "/run/user/1000/quickshell/by-id/mwi6s1f3t/log.qslog"
[33m  WARN[97m quickshell.qmlscanner[0m: Ignoring unresolvable import "/home/alibek/archlinux-dotfiles/modules/quickshell/launcher/lib/fuzzysort.js" from "/home/alibek/archlinux-dotfiles/modules/quickshell/launcher/Launcher.qml"
[31m ERROR[0m: Failed to load configuration
[31m ERROR[0m:   caused by @Launcher.qml[5:1]: Script qs:@/qs/lib/fuzzysort.js unavailable
[31m ERROR[0m:   caused by @lib/fuzzysort.js[-1:-1]: File not found'
[2025-10-01 00:21:42] [toggle-launcher.sh] Executing command with hyprctl...
ok
[2025-10-01 00:21:42] [toggle-launcher.sh] hyprctl command finished.
[2025-10-01 00:21:42] [toggle-launcher.sh] --- Script End ---
[2025-10-01 00:21:42] [toggle-launcher.sh] App list generated at /home/alibek/.cache/quickshell_apps.json
[2025-10-01 00:21:42] [toggle-launcher.sh] QML File: /home/alibek/.config/quickshell/launcher/Launcher.qml
[2025-10-01 00:21:42] [toggle-launcher.sh] Process Pattern: quickshell.*launcher/Launcher.qml
[2025-10-01 00:21:42] [toggle-launcher.sh] DEBUG: QML_IMPORT_PATH = /home/alibek/.config/quickshell
[2025-10-01 00:21:42] [toggle-launcher.sh] Process not found. Starting launcher...
[2025-10-01 00:21:42] [toggle-launcher.sh] Captured command: '[32m  INFO[0m: Launching config: "/home/alibek/archlinux-dotfiles/modules/quickshell/launcher/Launcher.qml"
[32m  INFO[0m: Shell ID: "57e9c530bf2ebf6437648615885f6495" Path ID "57e9c530bf2ebf6437648615885f6495"
[32m  INFO[0m: Saving logs to "/run/user/1000/quickshell/by-id/n0j6s1f3t/log.qslog"
[33m  WARN[97m quickshell.qmlscanner[0m: Ignoring unresolvable import "/home/alibek/archlinux-dotfiles/modules/quickshell/launcher/lib/fuzzysort.js" from "/home/alibek/archlinux-dotfiles/modules/quickshell/launcher/Launcher.qml"
[31m ERROR[0m: Failed to load configuration
[31m ERROR[0m:   caused by @Launcher.qml[5:1]: Script qs:@/qs/lib/fuzzysort.js unavailable
[31m ERROR[0m:   caused by @lib/fuzzysort.js[-1:-1]: File not found'
[2025-10-01 00:21:42] [toggle-launcher.sh] Executing command with hyprctl...
ok
[2025-10-01 00:21:42] [toggle-launcher.sh] hyprctl command finished.
[2025-10-01 00:21:42] [toggle-launcher.sh] --- Script End ---
